
RAM:     file format elf32-littleriscv


Disassembly of section .text:

00000000 <_start>:
   0:	00000013          	addi	x0,x0,0
   4:	12345537          	lui	x10,0x12345
   8:	67850513          	addi	x10,x10,1656 # 12345678 <__global_pointer$+0x12343a74>
   c:	00300593          	addi	x11,x0,3
  10:	0045a613          	slti	x12,x11,4
  14:	fff5a613          	slti	x12,x11,-1
  18:	0045b613          	sltiu	x12,x11,4
  1c:	fff5b613          	sltiu	x12,x11,-1
  20:	fff64693          	xori	x13,x12,-1
  24:	0016e693          	ori	x13,x13,1
  28:	0026f693          	andi	x13,x13,2
  2c:	00369693          	slli	x13,x13,0x3
  30:	0036d693          	srli	x13,x13,0x3
  34:	fff6c693          	xori	x13,x13,-1
  38:	4016d693          	srai	x13,x13,0x1
  3c:	00c68733          	add	x14,x13,x12
  40:	40c70733          	sub	x14,x14,x12
  44:	00c617b3          	sll	x15,x12,x12
  48:	00f62833          	slt	x16,x12,x15
  4c:	00c62833          	slt	x16,x12,x12
  50:	00d83833          	sltu	x16,x16,x13
  54:	00d848b3          	xor	x17,x16,x13
  58:	0105d933          	srl	x18,x11,x16
  5c:	4108d933          	sra	x18,x17,x16
  60:	00b869b3          	or	x19,x16,x11
  64:	0109f9b3          	and	x19,x19,x16
  68:	00001a37          	lui	x20,0x1
  6c:	013a2223          	sw	x19,4(x20) # 1004 <lbl_jal+0xc04>
  70:	013a1323          	sh	x19,6(x20)
  74:	013a03a3          	sb	x19,7(x20)
  78:	004a0a83          	lb	x21,4(x20)
  7c:	006a1a83          	lh	x21,6(x20)
  80:	004a2a83          	lw	x21,4(x20)
  84:	011a2023          	sw	x17,0(x20)
  88:	000a4a83          	lbu	x21,0(x20)
  8c:	002a5a83          	lhu	x21,2(x20)
  90:	001a8b13          	addi	x22,x21,1
  94:	36c000ef          	jal	x1,400 <lbl_jal>
	...

00000400 <lbl_jal>:
 400:	00008067          	jalr	x0,0(x1)
